/Users/hexiaodong/go/src/htest/reg/reg_test.go:25 : [Info]: 2021-08-06 17:55:06 func[command-line-arguments.TestReg.func1]: sback  <d29176df-4a90-4fd7-afc1-a04b393fd220_identifier>=123;Val=F7k3CvuQ4iYIHeM;<3a2a6702-d101-4cd4-9ee4-1ace7b8986cb_identifier>=111
/Users/hexiaodong/go/src/htest/reg/reg_test.go:25 : [Info]: 2021-08-06 17:55:06 func[command-line-arguments.TestReg.func1]: sback  <d29176df-4a90-4fd7-afc1-a04b393fd220_identifier>=123;Val=zH2mjVNH0BTRI5e;<3a2a6702-d101-4cd4-9ee4-1ace7b8986cb_identifier>=111
/Users/hexiaodong/go/src/htest/reg/reg_test.go:25 : [Info]: 2021-08-06 17:55:06 func[command-line-arguments.TestReg.func1]: sback  <d29176df-4a90-4fd7-afc1-a04b393fd220_identifier>=123;Val=F7k3CvuQ4iYIHeM;<3a2a6702-d101-4cd4-9ee4-1ace7b8986cb_identifier>=111
/Users/hexiaodong/go/src/htest/reg/reg_test.go:25 : [Info]: 2021-08-06 17:55:06 func[command-line-arguments.TestReg.func1]: sback  <d29176df-4a90-4fd7-afc1-a04b393fd220_identifier>=123;Val=TAEglBKwxzliMPv;<3a2a6702-d101-4cd4-9ee4-1ace7b8986cb_identifier>=111
/Users/hexiaodong/go/src/htest/reg/reg_test.go:25 : [Info]: 2021-08-06 17:55:06 func[command-line-arguments.TestReg.func1]: sback  <d29176df-4a90-4fd7-afc1-a04b393fd220_identifier>=123;Val=e5O82yEtZNoJ6dc;<3a2a6702-d101-4cd4-9ee4-1ace7b8986cb_identifier>=111
/Users/hexiaodong/go/src/htest/reg/reg_test.go:25 : [Info]: 2021-08-06 17:55:06 func[command-line-arguments.TestReg.func1]: sback  <d29176df-4a90-4fd7-afc1-a04b393fd220_identifier>=123;Val=K7DUWRc8hykglC8;<3a2a6702-d101-4cd4-9ee4-1ace7b8986cb_identifier>=111
/Users/hexiaodong/go/src/htest/reg/reg_test.go:25 : [Info]: 2021-08-06 17:55:06 func[command-line-arguments.TestReg.func1]: sback  <d29176df-4a90-4fd7-afc1-a04b393fd220_identifier>=123;Val=Djf4c6PYgvUa292;<3a2a6702-d101-4cd4-9ee4-1ace7b8986cb_identifier>=111
/Users/hexiaodong/go/src/htest/reg/reg_test.go:25 : [Info]: 2021-08-06 17:55:06 func[command-line-arguments.TestReg.func1]: sback  <d29176df-4a90-4fd7-afc1-a04b393fd220_identifier>=123;Val=Djf4c6PYgvUa292;<3a2a6702-d101-4cd4-9ee4-1ace7b8986cb_identifier>=111
/Users/hexiaodong/go/src/htest/reg/reg_test.go:25 : [Info]: 2021-08-06 17:55:06 func[command-line-arguments.TestReg.func1]: sback  <d29176df-4a90-4fd7-afc1-a04b393fd220_identifier>=123;Val=8hO7LNLOTiyoVGQ;<3a2a6702-d101-4cd4-9ee4-1ace7b8986cb_identifier>=111
/Users/hexiaodong/go/src/htest/reg/reg_test.go:25 : [Info]: 2021-08-06 17:55:06 func[command-line-arguments.TestReg.func1]: sback  <d29176df-4a90-4fd7-afc1-a04b393fd220_identifier>=123;Val=m9149TntTneYwgt;<3a2a6702-d101-4cd4-9ee4-1ace7b8986cb_identifier>=111
/Users/hexiaodong/go/src/htest/reg/reg_test.go:25 : [Info]: 2021-08-06 17:55:06 func[command-line-arguments.TestReg.func1]: sback  <d29176df-4a90-4fd7-afc1-a04b393fd220_identifier>=123;Val=EGbAwYu2d6CPAF0;<3a2a6702-d101-4cd4-9ee4-1ace7b8986cb_identifier>=111
/Users/hexiaodong/go/src/htest/reg/reg_test.go:25 : [Info]: 2021-08-06 17:55:06 func[command-line-arguments.TestReg.func1]: sback  <d29176df-4a90-4fd7-afc1-a04b393fd220_identifier>=123;Val=atrMcZPKINERMry;<3a2a6702-d101-4cd4-9ee4-1ace7b8986cb_identifier>=111
/Users/hexiaodong/go/src/htest/reg/reg_test.go:25 : [Info]: 2021-08-06 17:55:06 func[command-line-arguments.TestReg.func1]: sback  <d29176df-4a90-4fd7-afc1-a04b393fd220_identifier>=123;Val=eGDJyXB84yobRyX;<3a2a6702-d101-4cd4-9ee4-1ace7b8986cb_identifier>=111
/Users/hexiaodong/go/src/htest/reg/reg_test.go:25 : [Info]: 2021-08-06 17:55:06 func[command-line-arguments.TestReg.func1]: sback  <d29176df-4a90-4fd7-afc1-a04b393fd220_identifier>=123;Val=xudR5OGiq92WyU5;<3a2a6702-d101-4cd4-9ee4-1ace7b8986cb_identifier>=111
/Users/hexiaodong/go/src/htest/reg/reg_test.go:25 : [Info]: 2021-08-06 17:55:06 func[command-line-arguments.TestReg.func1]: sback  <d29176df-4a90-4fd7-afc1-a04b393fd220_identifier>=123;Val=1z3u1oaOWbOVR1H;<3a2a6702-d101-4cd4-9ee4-1ace7b8986cb_identifier>=111
/Users/hexiaodong/go/src/htest/reg/reg_test.go:25 : [Info]: 2021-08-06 17:55:06 func[command-line-arguments.TestReg.func1]: sback  <d29176df-4a90-4fd7-afc1-a04b393fd220_identifier>=123;Val=HzqW2iew74dPxSt;<3a2a6702-d101-4cd4-9ee4-1ace7b8986cb_identifier>=111
/Users/hexiaodong/go/src/htest/reg/reg_test.go:25 : [Info]: 2021-08-06 17:55:06 func[command-line-arguments.TestReg.func1]: sback  <d29176df-4a90-4fd7-afc1-a04b393fd220_identifier>=123;Val=ybdMzlE0IMhRQ7i;<3a2a6702-d101-4cd4-9ee4-1ace7b8986cb_identifier>=111
/Users/hexiaodong/go/src/htest/reg/reg_test.go:25 : [Info]: 2021-08-06 17:55:06 func[command-line-arguments.TestReg.func1]: sback  <d29176df-4a90-4fd7-afc1-a04b393fd220_identifier>=123;Val=mTNFhy1qkgM1Vun;<3a2a6702-d101-4cd4-9ee4-1ace7b8986cb_identifier>=111
/Users/hexiaodong/go/src/htest/reg/reg_test.go:25 : [Info]: 2021-08-06 17:55:06 func[command-line-arguments.TestReg.func1]: sback  <d29176df-4a90-4fd7-afc1-a04b393fd220_identifier>=123;Val=0PexxqrL3oToRHk;<3a2a6702-d101-4cd4-9ee4-1ace7b8986cb_identifier>=111
/Users/hexiaodong/go/src/htest/reg/reg_test.go:25 : [Info]: 2021-08-06 17:55:06 func[command-line-arguments.TestReg.func1]: sback  <d29176df-4a90-4fd7-afc1-a04b393fd220_identifier>=123;Val=htlxHpdpMzHOO3L;<3a2a6702-d101-4cd4-9ee4-1ace7b8986cb_identifier>=111
